<?xml version="1.0" encoding="UTF-8"?>
<!-- Generated by org.testng.reporters.JUnitReportReporter -->
<testsuite hostname="kiwitechs-Mac-mini-87.local" name="com.metrobutler.sprint1.Test_Propertyinfo" tests="1" failures="0" timestamp="19 Jul 2016 07:48:03 GMT" time="25.604" errors="0">
  <testcase name="propertyTabLanding" time="25.604" classname="com.metrobutler.sprint1.Test_Propertyinfo"/>
</testsuite> <!-- com.metrobutler.sprint1.Test_Propertyinfo -->
