<?xml version="1.0" encoding="UTF-8"?>
<!-- Generated by org.testng.reporters.JUnitReportReporter -->
<testsuite hostname="kiwitechs-Mac-mini-87.local" name="com.metrobutler.sprint1.BaseUtility" tests="1" failures="0" timestamp="4 Aug 2016 11:32:27 GMT" time="11.543" errors="0">
  <testcase name="setUpBrowser" time="11.543" classname="com.metrobutler.sprint1.BaseUtility"/>
</testsuite> <!-- com.metrobutler.sprint1.BaseUtility -->
