<?xml version="1.0" encoding="UTF-8"?>
<!-- Generated by org.testng.reporters.JUnitReportReporter -->
<testsuite hostname="kiwitechs-Mac-mini-87.local" name="com.metrobutler.sprint1.Test_Login_Host" tests="1" failures="0" timestamp="3 Aug 2016 13:18:49 GMT" time="16.412" errors="0">
  <testcase name="testLogin" time="16.412" classname="com.metrobutler.sprint1.Test_Login_Host"/>
</testsuite> <!-- com.metrobutler.sprint1.Test_Login_Host -->
